0 info it worked if it ends with ok
1 verbose cli [ 'C:\\Program Files\\nodejs\\node.exe',
1 verbose cli   'C:\\Users\\souza.sup.erp\\AppData\\Roaming\\npm\\node_modules\\npm\\bin\\npm-cli.js',
1 verbose cli   'run',
1 verbose cli   'karma' ]
2 info using npm@4.0.5
3 info using node@v7.2.1
4 verbose run-script [ 'prekarma', 'karma', 'postkarma' ]
5 info lifecycle apiconsumator@0.0.1~prekarma: apiconsumator@0.0.1
6 silly lifecycle apiconsumator@0.0.1~prekarma: no script for prekarma, continuing
7 info lifecycle apiconsumator@0.0.1~karma: apiconsumator@0.0.1
8 verbose lifecycle apiconsumator@0.0.1~karma: unsafe-perm in lifecycle true
9 verbose lifecycle apiconsumator@0.0.1~karma: PATH: C:\Users\souza.sup.erp\AppData\Roaming\npm\node_modules\npm\bin\node-gyp-bin;C:\Users\souza.sup.erp\Desktop\KatProjects\APIConsumator\node_modules\.bin;C:\ProgramData\Oracle\Java\javapath;C:\Windows\system32;C:\Windows;C:\Windows\System32\Wbem;C:\Windows\System32\WindowsPowerShell\v1.0\;C:\Program Files (x86)\Windows Kits\8.1\Windows Performance Toolkit\;C:\Program Files\Microsoft SQL Server\110\Tools\Binn\;C:\Program Files (x86)\PuTTY\;C:\Ferramentas\Java\JDK\jdk1.8.0_111\bin;C:\Ferramentas\Java\Maven\apache-maven-3.3.9\bin;C:\Program Files (x86)\Microsoft SDKs\TypeScript\1.0\;C:\Program Files\Microsoft SQL Server\120\Tools\Binn\;C:\Program Files\Git\cmd;C:\Ferramentas\Java\JDK\jdk1.8.0_111\bin;C:\Program Files (x86)\Skype\Phone\;c:\Program Files (x86)\Microsoft SQL Server\110\Tools\Binn\ManagementStudio\;c:\Program Files (x86)\Microsoft SQL Server\110\Tools\Binn\;c:\Program Files (x86)\Microsoft SQL Server\110\DTS\Binn\;C:\Program Files\nodejs\;C:\Users\souza.sup.erp\AppData\Roaming\npm;C:\Program Files (x86)\Microsoft VS Code\bin
10 verbose lifecycle apiconsumator@0.0.1~karma: CWD: C:\Users\souza.sup.erp\Desktop\KatProjects\APIConsumator
11 silly lifecycle apiconsumator@0.0.1~karma: Args: [ '/d /s /c', 'gulp karma' ]
12 silly lifecycle apiconsumator@0.0.1~karma: Returned: code: 1  signal: null
13 info lifecycle apiconsumator@0.0.1~karma: Failed to exec karma script
14 verbose stack Error: apiconsumator@0.0.1 karma: `gulp karma`
14 verbose stack Exit status 1
14 verbose stack     at EventEmitter.<anonymous> (C:\Users\souza.sup.erp\AppData\Roaming\npm\node_modules\npm\lib\utils\lifecycle.js:279:16)
14 verbose stack     at emitTwo (events.js:106:13)
14 verbose stack     at EventEmitter.emit (events.js:191:7)
14 verbose stack     at ChildProcess.<anonymous> (C:\Users\souza.sup.erp\AppData\Roaming\npm\node_modules\npm\lib\utils\spawn.js:40:14)
14 verbose stack     at emitTwo (events.js:106:13)
14 verbose stack     at ChildProcess.emit (events.js:191:7)
14 verbose stack     at maybeClose (internal/child_process.js:885:16)
14 verbose stack     at Process.ChildProcess._handle.onexit (internal/child_process.js:226:5)
15 verbose pkgid apiconsumator@0.0.1
16 verbose cwd C:\Users\souza.sup.erp\Desktop\KatProjects\APIConsumator
17 error Windows_NT 6.2.9200
18 error argv "C:\\Program Files\\nodejs\\node.exe" "C:\\Users\\souza.sup.erp\\AppData\\Roaming\\npm\\node_modules\\npm\\bin\\npm-cli.js" "run" "karma"
19 error node v7.2.1
20 error npm  v4.0.5
21 error code ELIFECYCLE
22 error apiconsumator@0.0.1 karma: `gulp karma`
22 error Exit status 1
23 error Failed at the apiconsumator@0.0.1 karma script 'gulp karma'.
23 error Make sure you have the latest version of node.js and npm installed.
23 error If you do, this is most likely a problem with the apiconsumator package,
23 error not with npm itself.
23 error Tell the author that this fails on your system:
23 error     gulp karma
23 error You can get information on how to open an issue for this project with:
23 error     npm bugs apiconsumator
23 error Or if that isn't available, you can get their info via:
23 error     npm owner ls apiconsumator
23 error There is likely additional logging output above.
24 verbose exit [ 1, true ]
